{"/home/clara/Documentos/misrepos/ghibli-films-finder/js/interaction.js": {"path":"/home/clara/Documentos/misrepos/ghibli-films-finder/js/interaction.js","statementMap":{"0":{"start":{"line":4,"column":15},"end":{"line":4,"column":23}},"1":{"start":{"line":5,"column":15},"end":{"line":5,"column":23}},"2":{"start":{"line":7,"column":18},"end":{"line":7,"column":50}},"3":{"start":{"line":10,"column":4},"end":{"line":10,"column":109}},"4":{"start":{"line":10,"column":32},"end":{"line":10,"column":107}},"5":{"start":{"line":14,"column":4},"end":{"line":20,"column":5}},"6":{"start":{"line":15,"column":28},"end":{"line":15,"column":68}},"7":{"start":{"line":16,"column":21},"end":{"line":16,"column":54}},"8":{"start":{"line":17,"column":22},"end":{"line":17,"column":56}},"9":{"start":{"line":18,"column":20},"end":{"line":18,"column":55}},"10":{"start":{"line":19,"column":8},"end":{"line":19,"column":49}},"11":{"start":{"line":24,"column":4},"end":{"line":43,"column":5}},"12":{"start":{"line":25,"column":24},"end":{"line":25,"column":38}},"13":{"start":{"line":26,"column":50},"end":{"line":26,"column":57}},"14":{"start":{"line":27,"column":8},"end":{"line":42,"column":9}},"15":{"start":{"line":29,"column":16},"end":{"line":29,"column":55}},"16":{"start":{"line":30,"column":16},"end":{"line":30,"column":48}},"17":{"start":{"line":31,"column":16},"end":{"line":31,"column":47}},"18":{"start":{"line":32,"column":16},"end":{"line":32,"column":51}},"19":{"start":{"line":33,"column":16},"end":{"line":33,"column":58}},"20":{"start":{"line":34,"column":16},"end":{"line":34,"column":22}},"21":{"start":{"line":36,"column":16},"end":{"line":36,"column":52}},"22":{"start":{"line":37,"column":16},"end":{"line":37,"column":48}},"23":{"start":{"line":38,"column":16},"end":{"line":38,"column":47}},"24":{"start":{"line":39,"column":16},"end":{"line":39,"column":51}},"25":{"start":{"line":40,"column":16},"end":{"line":40,"column":58}},"26":{"start":{"line":41,"column":16},"end":{"line":41,"column":22}},"27":{"start":{"line":47,"column":17},"end":{"line":47,"column":36}},"28":{"start":{"line":48,"column":15},"end":{"line":48,"column":22}},"29":{"start":{"line":49,"column":4},"end":{"line":49,"column":40}},"30":{"start":{"line":50,"column":4},"end":{"line":50,"column":27}},"31":{"start":{"line":51,"column":4},"end":{"line":53,"column":5}},"32":{"start":{"line":52,"column":8},"end":{"line":52,"column":25}},"33":{"start":{"line":57,"column":23},"end":{"line":57,"column":58}},"34":{"start":{"line":58,"column":23},"end":{"line":58,"column":38}},"35":{"start":{"line":59,"column":4},"end":{"line":61,"column":45}},"36":{"start":{"line":60,"column":24},"end":{"line":60,"column":38}},"37":{"start":{"line":61,"column":21},"end":{"line":61,"column":43}},"38":{"start":{"line":65,"column":4},"end":{"line":65,"column":56}},"39":{"start":{"line":65,"column":21},"end":{"line":65,"column":54}},"40":{"start":{"line":70,"column":19},"end":{"line":70,"column":36}},"41":{"start":{"line":71,"column":4},"end":{"line":75,"column":5}},"42":{"start":{"line":72,"column":8},"end":{"line":72,"column":40}},"43":{"start":{"line":74,"column":8},"end":{"line":74,"column":43}}},"fnMap":{"0":{"name":"filterTitle","decl":{"start":{"line":9,"column":9},"end":{"line":9,"column":20}},"loc":{"start":{"line":9,"column":34},"end":{"line":11,"column":1}},"line":9},"1":{"name":"(anonymous_1)","decl":{"start":{"line":10,"column":24},"end":{"line":10,"column":25}},"loc":{"start":{"line":10,"column":32},"end":{"line":10,"column":107}},"line":10},"2":{"name":"pickCard","decl":{"start":{"line":13,"column":9},"end":{"line":13,"column":17}},"loc":{"start":{"line":13,"column":24},"end":{"line":21,"column":1}},"line":13},"3":{"name":"flipCard","decl":{"start":{"line":23,"column":9},"end":{"line":23,"column":17}},"loc":{"start":{"line":23,"column":31},"end":{"line":44,"column":1}},"line":23},"4":{"name":"showDescription","decl":{"start":{"line":46,"column":9},"end":{"line":46,"column":24}},"loc":{"start":{"line":46,"column":32},"end":{"line":54,"column":1}},"line":46},"5":{"name":"resetFlippedCard","decl":{"start":{"line":56,"column":9},"end":{"line":56,"column":25}},"loc":{"start":{"line":56,"column":40},"end":{"line":62,"column":1}},"line":56},"6":{"name":"(anonymous_6)","decl":{"start":{"line":60,"column":16},"end":{"line":60,"column":17}},"loc":{"start":{"line":60,"column":24},"end":{"line":60,"column":38}},"line":60},"7":{"name":"(anonymous_7)","decl":{"start":{"line":61,"column":13},"end":{"line":61,"column":14}},"loc":{"start":{"line":61,"column":21},"end":{"line":61,"column":43}},"line":61},"8":{"name":"cleanContainers","decl":{"start":{"line":64,"column":9},"end":{"line":64,"column":24}},"loc":{"start":{"line":64,"column":34},"end":{"line":66,"column":1}},"line":64},"9":{"name":"(anonymous_9)","decl":{"start":{"line":65,"column":13},"end":{"line":65,"column":14}},"loc":{"start":{"line":65,"column":21},"end":{"line":65,"column":54}},"line":65},"10":{"name":"fixSearchSection","decl":{"start":{"line":68,"column":9},"end":{"line":68,"column":25}},"loc":{"start":{"line":68,"column":35},"end":{"line":76,"column":1}},"line":68}},"branchMap":{"0":{"loc":{"start":{"line":10,"column":33},"end":{"line":10,"column":63}},"type":"binary-expr","locations":[{"start":{"line":10,"column":33},"end":{"line":10,"column":43}},{"start":{"line":10,"column":47},"end":{"line":10,"column":63}}],"line":10},"1":{"loc":{"start":{"line":14,"column":4},"end":{"line":20,"column":5}},"type":"if","locations":[{"start":{"line":14,"column":4},"end":{"line":20,"column":5}},{"start":{"line":14,"column":4},"end":{"line":20,"column":5}}],"line":14},"2":{"loc":{"start":{"line":24,"column":4},"end":{"line":43,"column":5}},"type":"if","locations":[{"start":{"line":24,"column":4},"end":{"line":43,"column":5}},{"start":{"line":24,"column":4},"end":{"line":43,"column":5}}],"line":24},"3":{"loc":{"start":{"line":27,"column":8},"end":{"line":42,"column":9}},"type":"switch","locations":[{"start":{"line":28,"column":12},"end":{"line":34,"column":22}},{"start":{"line":35,"column":12},"end":{"line":41,"column":22}}],"line":27},"4":{"loc":{"start":{"line":51,"column":4},"end":{"line":53,"column":5}},"type":"if","locations":[{"start":{"line":51,"column":4},"end":{"line":53,"column":5}},{"start":{"line":51,"column":4},"end":{"line":53,"column":5}}],"line":51},"5":{"loc":{"start":{"line":65,"column":21},"end":{"line":65,"column":54}},"type":"cond-expr","locations":[{"start":{"line":65,"column":28},"end":{"line":65,"column":47}},{"start":{"line":65,"column":50},"end":{"line":65,"column":54}}],"line":65},"6":{"loc":{"start":{"line":71,"column":4},"end":{"line":75,"column":5}},"type":"if","locations":[{"start":{"line":71,"column":4},"end":{"line":75,"column":5}},{"start":{"line":71,"column":4},"end":{"line":75,"column":5}}],"line":71}},"s":{"0":2,"1":2,"2":2,"3":5,"4":23,"5":16,"6":16,"7":16,"8":16,"9":16,"10":16,"11":5,"12":5,"13":5,"14":5,"15":2,"16":2,"17":2,"18":2,"19":2,"20":2,"21":3,"22":3,"23":3,"24":3,"25":3,"26":3,"27":0,"28":0,"29":0,"30":0,"31":0,"32":0,"33":2,"34":2,"35":2,"36":4,"37":2,"38":4,"39":7,"40":2,"41":2,"42":1,"43":1},"f":{"0":5,"1":23,"2":16,"3":5,"4":0,"5":2,"6":4,"7":2,"8":4,"9":7,"10":2},"b":{"0":[23,0],"1":[16,0],"2":[5,0],"3":[2,3],"4":[0,0],"5":[1,6],"6":[1,1]},"_coverageSchema":"43e27e138ebf9cfc5966b082cf9a028302ed4184","hash":"1ab12ad4abe29f6ac5203e372cc61edf6a857eb0"}
,"/home/clara/Documentos/misrepos/ghibli-films-finder/js/loader.js": {"path":"/home/clara/Documentos/misrepos/ghibli-films-finder/js/loader.js","statementMap":{"0":{"start":{"line":3,"column":19},"end":{"line":17,"column":29}},"1":{"start":{"line":18,"column":4},"end":{"line":18,"column":30}}},"fnMap":{"0":{"name":"loader","decl":{"start":{"line":2,"column":9},"end":{"line":2,"column":15}},"loc":{"start":{"line":2,"column":24},"end":{"line":19,"column":3}},"line":2}},"branchMap":{},"s":{"0":1,"1":1},"f":{"0":1},"b":{},"_coverageSchema":"43e27e138ebf9cfc5966b082cf9a028302ed4184","hash":"5e394e2aca2e4182aa6a2b2bc68e8927a7c8a0c5"}
,"/home/clara/Documentos/misrepos/ghibli-films-finder/js/main.js": {"path":"/home/clara/Documentos/misrepos/ghibli-films-finder/js/main.js","statementMap":{"0":{"start":{"line":10,"column":15},"end":{"line":10,"column":55}},"1":{"start":{"line":11,"column":13},"end":{"line":11,"column":53}},"2":{"start":{"line":12,"column":22},"end":{"line":12,"column":73}},"3":{"start":{"line":13,"column":22},"end":{"line":13,"column":60}},"4":{"start":{"line":16,"column":18},"end":{"line":16,"column":51}},"5":{"start":{"line":19,"column":14},"end":{"line":19,"column":16}},"6":{"start":{"line":20,"column":17},"end":{"line":20,"column":19}},"7":{"start":{"line":23,"column":23},"end":{"line":23,"column":36}},"8":{"start":{"line":24,"column":22},"end":{"line":24,"column":37}},"9":{"start":{"line":26,"column":23},"end":{"line":26,"column":53}},"10":{"start":{"line":27,"column":20},"end":{"line":27,"column":42}},"11":{"start":{"line":29,"column":2},"end":{"line":29,"column":39}},"12":{"start":{"line":30,"column":2},"end":{"line":30,"column":49}},"13":{"start":{"line":31,"column":2},"end":{"line":31,"column":50}},"14":{"start":{"line":32,"column":2},"end":{"line":32,"column":49}},"15":{"start":{"line":36,"column":2},"end":{"line":45,"column":7}},"16":{"start":{"line":38,"column":6},"end":{"line":38,"column":21}},"17":{"start":{"line":39,"column":6},"end":{"line":39,"column":35}},"18":{"start":{"line":40,"column":6},"end":{"line":40,"column":33}},"19":{"start":{"line":43,"column":6},"end":{"line":43,"column":23}},"20":{"start":{"line":44,"column":6},"end":{"line":44,"column":53}},"21":{"start":{"line":49,"column":21},"end":{"line":49,"column":46}},"22":{"start":{"line":50,"column":2},"end":{"line":50,"column":26}},"23":{"start":{"line":51,"column":2},"end":{"line":51,"column":22}},"24":{"start":{"line":52,"column":2},"end":{"line":52,"column":20}},"25":{"start":{"line":55,"column":0},"end":{"line":57,"column":1}},"26":{"start":{"line":56,"column":2},"end":{"line":56,"column":24}},"27":{"start":{"line":59,"column":0},"end":{"line":59,"column":26}},"28":{"start":{"line":61,"column":0},"end":{"line":61,"column":56}},"29":{"start":{"line":61,"column":24},"end":{"line":61,"column":55}},"30":{"start":{"line":64,"column":0},"end":{"line":66,"column":1}},"31":{"start":{"line":65,"column":2},"end":{"line":65,"column":47}}},"fnMap":{"0":{"name":"createCard","decl":{"start":{"line":22,"column":9},"end":{"line":22,"column":19}},"loc":{"start":{"line":22,"column":32},"end":{"line":33,"column":1}},"line":22},"1":{"name":"callFilms","decl":{"start":{"line":35,"column":9},"end":{"line":35,"column":18}},"loc":{"start":{"line":35,"column":21},"end":{"line":46,"column":1}},"line":35},"2":{"name":"(anonymous_2)","decl":{"start":{"line":37,"column":10},"end":{"line":37,"column":11}},"loc":{"start":{"line":37,"column":18},"end":{"line":41,"column":5}},"line":37},"3":{"name":"(anonymous_3)","decl":{"start":{"line":42,"column":11},"end":{"line":42,"column":12}},"loc":{"start":{"line":42,"column":18},"end":{"line":45,"column":5}},"line":42},"4":{"name":"searchFilm","decl":{"start":{"line":48,"column":9},"end":{"line":48,"column":19}},"loc":{"start":{"line":48,"column":27},"end":{"line":53,"column":1}},"line":48},"5":{"name":"(anonymous_5)","decl":{"start":{"line":61,"column":18},"end":{"line":61,"column":19}},"loc":{"start":{"line":61,"column":24},"end":{"line":61,"column":55}},"line":61}},"branchMap":{"0":{"loc":{"start":{"line":22,"column":20},"end":{"line":22,"column":30}},"type":"default-arg","locations":[{"start":{"line":22,"column":28},"end":{"line":22,"column":30}}],"line":22},"1":{"loc":{"start":{"line":55,"column":0},"end":{"line":57,"column":1}},"type":"if","locations":[{"start":{"line":55,"column":0},"end":{"line":57,"column":1}},{"start":{"line":55,"column":0},"end":{"line":57,"column":1}}],"line":55},"2":{"loc":{"start":{"line":64,"column":0},"end":{"line":66,"column":1}},"type":"if","locations":[{"start":{"line":64,"column":0},"end":{"line":66,"column":1}},{"start":{"line":64,"column":0},"end":{"line":66,"column":1}}],"line":64}},"s":{"0":1,"1":1,"2":1,"3":1,"4":1,"5":1,"6":1,"7":3,"8":3,"9":3,"10":3,"11":3,"12":3,"13":3,"14":3,"15":1,"16":0,"17":0,"18":0,"19":1,"20":1,"21":2,"22":2,"23":2,"24":2,"25":1,"26":0,"27":1,"28":1,"29":0,"30":1,"31":0},"f":{"0":3,"1":1,"2":0,"3":1,"4":2,"5":0},"b":{"0":[1],"1":[0,1],"2":[0,1]},"_coverageSchema":"43e27e138ebf9cfc5966b082cf9a028302ed4184","hash":"499030efa6a8f70724cf54d6ef4b01e7853baaf0"}
,"/home/clara/Documentos/misrepos/ghibli-films-finder/js/print.js": {"path":"/home/clara/Documentos/misrepos/ghibli-films-finder/js/print.js","statementMap":{"0":{"start":{"line":4,"column":17},"end":{"line":4,"column":61}},"1":{"start":{"line":6,"column":21},"end":{"line":6,"column":52}},"2":{"start":{"line":9,"column":59},"end":{"line":9,"column":63}},"3":{"start":{"line":11,"column":8},"end":{"line":23,"column":24}},"4":{"start":{"line":24,"column":4},"end":{"line":24,"column":16}},"5":{"start":{"line":28,"column":4},"end":{"line":33,"column":5}},"6":{"start":{"line":29,"column":26},"end":{"line":29,"column":66}},"7":{"start":{"line":30,"column":8},"end":{"line":32,"column":9}},"8":{"start":{"line":31,"column":12},"end":{"line":31,"column":49}},"9":{"start":{"line":37,"column":4},"end":{"line":39,"column":5}},"10":{"start":{"line":38,"column":8},"end":{"line":38,"column":70}},"11":{"start":{"line":43,"column":4},"end":{"line":52,"column":5}},"12":{"start":{"line":44,"column":6},"end":{"line":44,"column":30}},"13":{"start":{"line":46,"column":6},"end":{"line":51,"column":7}},"14":{"start":{"line":47,"column":8},"end":{"line":47,"column":43}},"15":{"start":{"line":48,"column":8},"end":{"line":50,"column":9}},"16":{"start":{"line":49,"column":10},"end":{"line":49,"column":30}},"17":{"start":{"line":56,"column":14},"end":{"line":56,"column":16}},"18":{"start":{"line":57,"column":4},"end":{"line":60,"column":7}},"19":{"start":{"line":58,"column":23},"end":{"line":58,"column":43}},"20":{"start":{"line":59,"column":6},"end":{"line":59,"column":22}},"21":{"start":{"line":62,"column":4},"end":{"line":62,"column":15}}},"fnMap":{"0":{"name":"createNodeFilm","decl":{"start":{"line":8,"column":9},"end":{"line":8,"column":23}},"loc":{"start":{"line":8,"column":30},"end":{"line":25,"column":1}},"line":8},"1":{"name":"addClickListener","decl":{"start":{"line":27,"column":9},"end":{"line":27,"column":25}},"loc":{"start":{"line":27,"column":42},"end":{"line":34,"column":1}},"line":27},"2":{"name":"printErrorMsg","decl":{"start":{"line":36,"column":9},"end":{"line":36,"column":22}},"loc":{"start":{"line":36,"column":45},"end":{"line":40,"column":1}},"line":36},"3":{"name":"showFilmAnswer","decl":{"start":{"line":42,"column":9},"end":{"line":42,"column":23}},"loc":{"start":{"line":42,"column":47},"end":{"line":53,"column":3}},"line":42},"4":{"name":"mapCards","decl":{"start":{"line":55,"column":11},"end":{"line":55,"column":19}},"loc":{"start":{"line":55,"column":32},"end":{"line":63,"column":3}},"line":55},"5":{"name":"(anonymous_5)","decl":{"start":{"line":57,"column":14},"end":{"line":57,"column":15}},"loc":{"start":{"line":57,"column":22},"end":{"line":60,"column":5}},"line":57}},"branchMap":{"0":{"loc":{"start":{"line":28,"column":4},"end":{"line":33,"column":5}},"type":"if","locations":[{"start":{"line":28,"column":4},"end":{"line":33,"column":5}},{"start":{"line":28,"column":4},"end":{"line":33,"column":5}}],"line":28},"1":{"loc":{"start":{"line":28,"column":8},"end":{"line":28,"column":24}},"type":"binary-expr","locations":[{"start":{"line":28,"column":8},"end":{"line":28,"column":16}},{"start":{"line":28,"column":20},"end":{"line":28,"column":24}}],"line":28},"2":{"loc":{"start":{"line":36,"column":23},"end":{"line":36,"column":32}},"type":"default-arg","locations":[{"start":{"line":36,"column":30},"end":{"line":36,"column":32}}],"line":36},"3":{"loc":{"start":{"line":37,"column":4},"end":{"line":39,"column":5}},"type":"if","locations":[{"start":{"line":37,"column":4},"end":{"line":39,"column":5}},{"start":{"line":37,"column":4},"end":{"line":39,"column":5}}],"line":37},"4":{"loc":{"start":{"line":43,"column":4},"end":{"line":52,"column":5}},"type":"if","locations":[{"start":{"line":43,"column":4},"end":{"line":52,"column":5}},{"start":{"line":43,"column":4},"end":{"line":52,"column":5}}],"line":43},"5":{"loc":{"start":{"line":43,"column":8},"end":{"line":43,"column":29}},"type":"binary-expr","locations":[{"start":{"line":43,"column":8},"end":{"line":43,"column":21}},{"start":{"line":43,"column":25},"end":{"line":43,"column":29}}],"line":43},"6":{"loc":{"start":{"line":46,"column":6},"end":{"line":51,"column":7}},"type":"if","locations":[{"start":{"line":46,"column":6},"end":{"line":51,"column":7}},{"start":{"line":46,"column":6},"end":{"line":51,"column":7}}],"line":46},"7":{"loc":{"start":{"line":48,"column":8},"end":{"line":50,"column":9}},"type":"if","locations":[{"start":{"line":48,"column":8},"end":{"line":50,"column":9}},{"start":{"line":48,"column":8},"end":{"line":50,"column":9}}],"line":48},"8":{"loc":{"start":{"line":55,"column":20},"end":{"line":55,"column":30}},"type":"default-arg","locations":[{"start":{"line":55,"column":28},"end":{"line":55,"column":30}}],"line":55}},"s":{"0":2,"1":2,"2":4,"3":4,"4":4,"5":7,"6":7,"7":7,"8":3,"9":3,"10":2,"11":5,"12":1,"13":4,"14":1,"15":1,"16":1,"17":5,"18":5,"19":2,"20":2,"21":5},"f":{"0":4,"1":7,"2":3,"3":5,"4":5,"5":2},"b":{"0":[7,0],"1":[7,7],"2":[0],"3":[2,1],"4":[1,4],"5":[5,1],"6":[1,3],"7":[1,0],"8":[0]},"_coverageSchema":"43e27e138ebf9cfc5966b082cf9a028302ed4184","hash":"bb693b8ead6cc3afb6a8ebfc67bdbdfabd194102"}
,"/home/clara/Documentos/misrepos/ghibli-films-finder/js/service.js": {"path":"/home/clara/Documentos/misrepos/ghibli-films-finder/js/service.js","statementMap":{"0":{"start":{"line":3,"column":17},"end":{"line":3,"column":56}},"1":{"start":{"line":6,"column":16},"end":{"line":8,"column":1}},"2":{"start":{"line":7,"column":4},"end":{"line":7,"column":51}},"3":{"start":{"line":7,"column":39},"end":{"line":7,"column":49}}},"fnMap":{"0":{"name":"(anonymous_0)","decl":{"start":{"line":6,"column":16},"end":{"line":6,"column":17}},"loc":{"start":{"line":6,"column":22},"end":{"line":8,"column":1}},"line":6},"1":{"name":"(anonymous_1)","decl":{"start":{"line":7,"column":32},"end":{"line":7,"column":33}},"loc":{"start":{"line":7,"column":39},"end":{"line":7,"column":49}},"line":7}},"branchMap":{},"s":{"0":2,"1":2,"2":3,"3":2},"f":{"0":3,"1":2},"b":{},"_coverageSchema":"43e27e138ebf9cfc5966b082cf9a028302ed4184","hash":"66bd9e39df29409b3063a814292aba46fe19e12a"}
,"/home/clara/Documentos/misrepos/ghibli-films-finder/js/setTimeOut.js": {"path":"/home/clara/Documentos/misrepos/ghibli-films-finder/js/setTimeOut.js","statementMap":{"0":{"start":{"line":4,"column":4},"end":{"line":4,"column":27}}},"fnMap":{"0":{"name":"waitForCalling","decl":{"start":{"line":3,"column":9},"end":{"line":3,"column":23}},"loc":{"start":{"line":3,"column":30},"end":{"line":5,"column":3}},"line":3}},"branchMap":{},"s":{"0":2},"f":{"0":2},"b":{},"_coverageSchema":"43e27e138ebf9cfc5966b082cf9a028302ed4184","hash":"d6c109d151be6301b57c76c2e7d05b31e3f879a0"}
,"/home/clara/Documentos/misrepos/ghibli-films-finder/test/fixtures/filmApiFixture.js": {"path":"/home/clara/Documentos/misrepos/ghibli-films-finder/test/fixtures/filmApiFixture.js","statementMap":{"0":{"start":{"line":2,"column":17},"end":{"line":465,"column":3}}},"fnMap":{},"branchMap":{},"s":{"0":2},"f":{},"b":{},"_coverageSchema":"43e27e138ebf9cfc5966b082cf9a028302ed4184","hash":"1b41fe9612eeacd986de4148f25559e233fad219"}
,"/home/clara/Documentos/misrepos/ghibli-films-finder/test/fixtures/filmElementsFixture.js": {"path":"/home/clara/Documentos/misrepos/ghibli-films-finder/test/fixtures/filmElementsFixture.js","statementMap":{"0":{"start":{"line":1,"column":18},"end":{"line":1,"column":37}},"1":{"start":{"line":3,"column":18},"end":{"line":13,"column":1}},"2":{"start":{"line":16,"column":21},"end":{"line":22,"column":1}},"3":{"start":{"line":25,"column":4},"end":{"line":37,"column":24}},"4":{"start":{"line":39,"column":19},"end":{"line":52,"column":10}},"5":{"start":{"line":54,"column":19},"end":{"line":82,"column":10}}},"fnMap":{},"branchMap":{},"s":{"0":2,"1":2,"2":2,"3":2,"4":2,"5":2},"f":{},"b":{},"_coverageSchema":"43e27e138ebf9cfc5966b082cf9a028302ed4184","hash":"e23055e0c18663179e3b611110092034ec6adec7"}
}
